This is pdfTeX, Version 3.141592653-2.6-1.40.24 (TeX Live 2022/Debian) (preloaded format=pdflatex 2024.6.19)  9 DEC 2024 20:28
entering extended mode
 \write18 enabled.
 file:line:error style messages enabled.
 %&-line parsing enabled.
**"/home/axshy/Documents/UMSA II-2024/DAT-245/1205/doc/chapters/implementacion.tex"
(/home/axshy/Documents/UMSA II-2024/DAT-245/1205/doc/chapters/implementacion.tex
LaTeX2e <2022-11-01> patch level 1
L3 programming layer <2023-01-16> (/usr/share/texlive/texmf-dist/tex/latex/subfiles/subfiles.cls
Document Class: subfiles 2020/11/14 v2.2 Multi-file projects (class)
Preamble taken from file `../main.tex'
(/usr/share/texlive/texmf-dist/tex/latex/import/import.sty
Package: import 2020/04/01  v 6.2
) (aux/../main.tex (/usr/share/texlive/texmf-dist/tex/latex/base/article.cls
Document Class: article 2022/07/02 v1.4n Standard LaTeX document class
(/usr/share/texlive/texmf-dist/tex/latex/base/size12.clo
File: size12.clo 2022/07/02 v1.4n Standard LaTeX file (size option)
)
\c@part=\count185
\c@section=\count186
\c@subsection=\count187
\c@subsubsection=\count188
\c@paragraph=\count189
\c@subparagraph=\count190
\c@figure=\count191
\c@table=\count192
\abovecaptionskip=\skip48
\belowcaptionskip=\skip49
\bibindent=\dimen140
) (/usr/share/texlive/texmf-dist/tex/latex/base/inputenc.sty
Package: inputenc 2021/02/14 v1.3d Input encoding file
\inpenc@prehook=\toks16
\inpenc@posthook=\toks17
) (/usr/share/texlive/texmf-dist/tex/latex/graphics/graphicx.sty
Package: graphicx 2021/09/16 v1.2d Enhanced LaTeX Graphics (DPC,SPQR)
 (/usr/share/texlive/texmf-dist/tex/latex/graphics/keyval.sty
Package: keyval 2022/05/29 v1.15 key=value parser (DPC)
\KV@toks@=\toks18
) (/usr/share/texlive/texmf-dist/tex/latex/graphics/graphics.sty
Package: graphics 2022/03/10 v1.4e Standard LaTeX Graphics (DPC,SPQR)
 (/usr/share/texlive/texmf-dist/tex/latex/graphics/trig.sty
Package: trig 2021/08/11 v1.11 sin cos tan (DPC)
) (/usr/share/texlive/texmf-dist/tex/latex/graphics-cfg/graphics.cfg
File: graphics.cfg 2016/06/04 v1.11 sample graphics configuration
)
Package graphics Info: Driver file: pdftex.def on input line 107.
 (/usr/share/texlive/texmf-dist/tex/latex/graphics-def/pdftex.def
File: pdftex.def 2022/09/22 v1.2b Graphics/color driver for pdftex
))
\Gin@req@height=\dimen141
\Gin@req@width=\dimen142
) (/usr/share/texlive/texmf-dist/tex/latex/amsmath/amsmath.sty
Package: amsmath 2022/04/08 v2.17n AMS math features
\@mathmargin=\skip50

For additional information on amsmath, use the `?' option.
(/usr/share/texlive/texmf-dist/tex/latex/amsmath/amstext.sty
Package: amstext 2021/08/26 v2.01 AMS text
 (/usr/share/texlive/texmf-dist/tex/latex/amsmath/amsgen.sty
File: amsgen.sty 1999/11/30 v2.0 generic functions
\@emptytoks=\toks19
\ex@=\dimen143
)) (/usr/share/texlive/texmf-dist/tex/latex/amsmath/amsbsy.sty
Package: amsbsy 1999/11/29 v1.2d Bold Symbols
\pmbraise@=\dimen144
) (/usr/share/texlive/texmf-dist/tex/latex/amsmath/amsopn.sty
Package: amsopn 2022/04/08 v2.04 operator names
)
\inf@bad=\count193
LaTeX Info: Redefining \frac on input line 234.
\uproot@=\count194
\leftroot@=\count195
LaTeX Info: Redefining \overline on input line 399.
LaTeX Info: Redefining \colon on input line 410.
\classnum@=\count196
\DOTSCASE@=\count197
LaTeX Info: Redefining \ldots on input line 496.
LaTeX Info: Redefining \dots on input line 499.
LaTeX Info: Redefining \cdots on input line 620.
\Mathstrutbox@=\box51
\strutbox@=\box52
LaTeX Info: Redefining \big on input line 722.
LaTeX Info: Redefining \Big on input line 723.
LaTeX Info: Redefining \bigg on input line 724.
LaTeX Info: Redefining \Bigg on input line 725.
\big@size=\dimen145
LaTeX Font Info:    Redeclaring font encoding OML on input line 743.
LaTeX Font Info:    Redeclaring font encoding OMS on input line 744.
\macc@depth=\count198
LaTeX Info: Redefining \bmod on input line 905.
LaTeX Info: Redefining \pmod on input line 910.
LaTeX Info: Redefining \smash on input line 940.
LaTeX Info: Redefining \relbar on input line 970.
LaTeX Info: Redefining \Relbar on input line 971.
\c@MaxMatrixCols=\count199
\dotsspace@=\muskip16
\c@parentequation=\count266
\dspbrk@lvl=\count267
\tag@help=\toks20
\row@=\count268
\column@=\count269
\maxfields@=\count270
\andhelp@=\toks21
\eqnshift@=\dimen146
\alignsep@=\dimen147
\tagshift@=\dimen148
\tagwidth@=\dimen149
\totwidth@=\dimen150
\lineht@=\dimen151
\@envbody=\toks22
\multlinegap=\skip51
\multlinetaggap=\skip52
\mathdisplay@stack=\toks23
LaTeX Info: Redefining \[ on input line 2953.
LaTeX Info: Redefining \] on input line 2954.
) (/usr/share/texlive/texmf-dist/tex/latex/amsfonts/amssymb.sty
Package: amssymb 2013/01/14 v3.01 AMS font symbols
 (/usr/share/texlive/texmf-dist/tex/latex/amsfonts/amsfonts.sty
Package: amsfonts 2013/01/14 v3.01 Basic AMSFonts support
\symAMSa=\mathgroup4
\symAMSb=\mathgroup5
LaTeX Font Info:    Redeclaring math symbol \hbar on input line 98.
LaTeX Font Info:    Overwriting math alphabet `\mathfrak' in version `bold'
(Font)                  U/euf/m/n --> U/euf/b/n on input line 106.
)) (/usr/share/texlive/texmf-dist/tex/latex/geometry/geometry.sty
Package: geometry 2020/01/02 v5.9 Page Geometry
 (/usr/share/texlive/texmf-dist/tex/generic/iftex/ifvtex.sty
Package: ifvtex 2019/10/25 v1.7 ifvtex legacy package. Use iftex instead.
 (/usr/share/texlive/texmf-dist/tex/generic/iftex/iftex.sty
Package: iftex 2022/02/03 v1.0f TeX engine tests
))
\Gm@cnth=\count271
\Gm@cntv=\count272
\c@Gm@tempcnt=\count273
\Gm@bindingoffset=\dimen152
\Gm@wd@mp=\dimen153
\Gm@odd@mp=\dimen154
\Gm@even@mp=\dimen155
\Gm@layoutwidth=\dimen156
\Gm@layoutheight=\dimen157
\Gm@layouthoffset=\dimen158
\Gm@layoutvoffset=\dimen159
\Gm@dimlist=\toks24
) (/usr/share/texlive/texmf-dist/tex/latex/hyperref/hyperref.sty
Package: hyperref 2022-11-13 v7.00u Hypertext links for LaTeX
 (/usr/share/texlive/texmf-dist/tex/generic/ltxcmds/ltxcmds.sty
Package: ltxcmds 2020-05-10 v1.25 LaTeX kernel commands for general use (HO)
) (/usr/share/texlive/texmf-dist/tex/generic/pdftexcmds/pdftexcmds.sty
Package: pdftexcmds 2020-06-27 v0.33 Utility functions of pdfTeX for LuaTeX (HO)
 (/usr/share/texlive/texmf-dist/tex/generic/infwarerr/infwarerr.sty
Package: infwarerr 2019/12/03 v1.5 Providing info/warning/error messages (HO)
)
Package pdftexcmds Info: \pdf@primitive is available.
Package pdftexcmds Info: \pdf@ifprimitive is available.
Package pdftexcmds Info: \pdfdraftmode found.
) (/usr/share/texlive/texmf-dist/tex/latex/kvsetkeys/kvsetkeys.sty
Package: kvsetkeys 2022-10-05 v1.19 Key value parser (HO)
) (/usr/share/texlive/texmf-dist/tex/generic/kvdefinekeys/kvdefinekeys.sty
Package: kvdefinekeys 2019-12-19 v1.6 Define keys (HO)
) (/usr/share/texlive/texmf-dist/tex/generic/pdfescape/pdfescape.sty
Package: pdfescape 2019/12/09 v1.15 Implements pdfTeX's escape features (HO)
) (/usr/share/texlive/texmf-dist/tex/latex/hycolor/hycolor.sty
Package: hycolor 2020-01-27 v1.10 Color options for hyperref/bookmark (HO)
) (/usr/share/texlive/texmf-dist/tex/latex/letltxmacro/letltxmacro.sty
Package: letltxmacro 2019/12/03 v1.6 Let assignment for LaTeX macros (HO)
) (/usr/share/texlive/texmf-dist/tex/latex/auxhook/auxhook.sty
Package: auxhook 2019-12-17 v1.6 Hooks for auxiliary files (HO)
) (/usr/share/texlive/texmf-dist/tex/latex/hyperref/nameref.sty
Package: nameref 2022-05-17 v2.50 Cross-referencing by name of section
 (/usr/share/texlive/texmf-dist/tex/latex/refcount/refcount.sty
Package: refcount 2019/12/15 v3.6 Data extraction from label references (HO)
) (/usr/share/texlive/texmf-dist/tex/generic/gettitlestring/gettitlestring.sty
Package: gettitlestring 2019/12/15 v1.6 Cleanup title references (HO)
 (/usr/share/texlive/texmf-dist/tex/latex/kvoptions/kvoptions.sty
Package: kvoptions 2022-06-15 v3.15 Key value format for package options (HO)
))
\c@section@level=\count274
)
\@linkdim=\dimen160
\Hy@linkcounter=\count275
\Hy@pagecounter=\count276
 (/usr/share/texlive/texmf-dist/tex/latex/hyperref/pd1enc.def
File: pd1enc.def 2022-11-13 v7.00u Hyperref: PDFDocEncoding definition (HO)
Now handling font encoding PD1 ...
... no UTF-8 mapping file for font encoding PD1
) (/usr/share/texlive/texmf-dist/tex/generic/intcalc/intcalc.sty
Package: intcalc 2019/12/15 v1.3 Expandable calculations with integers (HO)
) (/usr/share/texlive/texmf-dist/tex/generic/etexcmds/etexcmds.sty
Package: etexcmds 2019/12/15 v1.7 Avoid name clashes with e-TeX commands (HO)
)
\Hy@SavedSpaceFactor=\count277
 (/usr/share/texlive/texmf-dist/tex/latex/hyperref/puenc.def
File: puenc.def 2022-11-13 v7.00u Hyperref: PDF Unicode definition (HO)
Now handling font encoding PU ...
... no UTF-8 mapping file for font encoding PU
)
Package hyperref Info: Hyper figures OFF on input line 4162.
Package hyperref Info: Link nesting OFF on input line 4167.
Package hyperref Info: Hyper index ON on input line 4170.
Package hyperref Info: Plain pages OFF on input line 4177.
Package hyperref Info: Backreferencing OFF on input line 4182.
Package hyperref Info: Implicit mode ON; LaTeX internals redefined.
Package hyperref Info: Bookmarks ON on input line 4410.
\c@Hy@tempcnt=\count278
 (/usr/share/texlive/texmf-dist/tex/latex/url/url.sty
\Urlmuskip=\muskip17
Package: url 2013/09/16  ver 3.4  Verb mode for urls, etc.
)
LaTeX Info: Redefining \url on input line 4748.
\XeTeXLinkMargin=\dimen161
 (/usr/share/texlive/texmf-dist/tex/generic/bitset/bitset.sty
Package: bitset 2019/12/09 v1.3 Handle bit-vector datatype (HO)
 (/usr/share/texlive/texmf-dist/tex/generic/bigintcalc/bigintcalc.sty
Package: bigintcalc 2019/12/15 v1.5 Expandable calculations on big integers (HO)
))
\Fld@menulength=\count279
\Field@Width=\dimen162
\Fld@charsize=\dimen163
Package hyperref Info: Hyper figures OFF on input line 6027.
Package hyperref Info: Link nesting OFF on input line 6032.
Package hyperref Info: Hyper index ON on input line 6035.
Package hyperref Info: backreferencing OFF on input line 6042.
Package hyperref Info: Link coloring OFF on input line 6047.
Package hyperref Info: Link coloring with OCG OFF on input line 6052.
Package hyperref Info: PDF/A mode OFF on input line 6057.
 (/usr/share/texlive/texmf-dist/tex/latex/base/atbegshi-ltx.sty
Package: atbegshi-ltx 2021/01/10 v1.0c Emulation of the original atbegshi
package with kernel methods
)
\Hy@abspage=\count280
\c@Item=\count281
\c@Hfootnote=\count282
)
Package hyperref Info: Driver (autodetected): hpdftex.
 (/usr/share/texlive/texmf-dist/tex/latex/hyperref/hpdftex.def
File: hpdftex.def 2022-11-13 v7.00u Hyperref driver for pdfTeX
 (/usr/share/texlive/texmf-dist/tex/latex/base/atveryend-ltx.sty
Package: atveryend-ltx 2020/08/19 v1.0a Emulation of the original atveryend package
with kernel methods
)
\Fld@listcount=\count283
\c@bookmark@seq@number=\count284
 (/usr/share/texlive/texmf-dist/tex/latex/rerunfilecheck/rerunfilecheck.sty
Package: rerunfilecheck 2022-07-10 v1.10 Rerun checks for auxiliary files (HO)
 (/usr/share/texlive/texmf-dist/tex/generic/uniquecounter/uniquecounter.sty
Package: uniquecounter 2019/12/15 v1.4 Provide unlimited unique counter (HO)
)
Package uniquecounter Info: New unique counter `rerunfilecheck' on input line 285.
)
\Hy@SectionHShift=\skip53
) (/usr/share/texlive/texmf-dist/tex/latex/natbib/natbib.sty
Package: natbib 2010/09/13 8.31b (PWD, AO)
\bibhang=\skip54
\bibsep=\skip55
LaTeX Info: Redefining \cite on input line 694.
\c@NAT@ctr=\count285
) (/usr/share/texlive/texmf-dist/tex/latex/subfiles/subfiles.sty
Package: subfiles 2020/11/14 v2.2 Multi-file projects (package)
) (/usr/share/texlive/texmf-dist/tex/latex/lipsum/lipsum.sty (/usr/share/texlive/texmf-dist/tex/latex/l3packages/l3keys2e/l3keys2e.sty (/usr/share/texlive/texmf-dist/tex/latex/l3kernel/expl3.sty
Package: expl3 2023-01-16 L3 programming layer (loader) 
 (/usr/share/texlive/texmf-dist/tex/latex/l3backend/l3backend-pdftex.def
File: l3backend-pdftex.def 2023-01-16 L3 backend support: PDF output (pdfTeX)
\l__color_backend_stack_int=\count286
\l__pdf_internal_box=\box53
))
Package: l3keys2e 2023-01-16 LaTeX2e option processing using LaTeX3 keys
)
Package: lipsum 2021-09-20 v2.7 150 paragraphs of Lorem Ipsum dummy text
\g__lipsum_par_int=\count287
\l__lipsum_a_int=\count288
\l__lipsum_b_int=\count289
 (/usr/share/texlive/texmf-dist/tex/latex/lipsum/lipsum.ltd.tex)) (/usr/share/texlive/texmf-dist/tex/generic/babel/babel.sty
Package: babel 2022/12/26 3.84 The Babel package
\babel@savecnt=\count290
\U@D=\dimen164
\l@unhyphenated=\language87
 (/usr/share/texlive/texmf-dist/tex/generic/babel/txtbabel.def)
\bbl@readstream=\read2
\bbl@dirlevel=\count291
 (/usr/share/texlive/texmf-dist/tex/generic/babel-spanish/spanish.ldf
Language: spanish.ldf 2021/05/27 v5.0q Spanish support from the babel system
\es@quottoks=\toks25
\es@quotdepth=\count292
Package babel Info: Making " an active character on input line 570.
Package babel Info: Making . an active character on input line 675.
Package babel Info: Making < an active character on input line 722.
Package babel Info: Making > an active character on input line 722.
)) (/usr/share/texlive/texmf-dist/tex/generic/babel/locale/es/babel-spanish.tex
Package babel Info: Importing font and identification data for spanish
(babel)             from babel-es.ini. Reported on input line 11.
) (/usr/share/texlive/texmf-dist/tex/latex/listings/listings.sty
\lst@mode=\count293
\lst@gtempboxa=\box54
\lst@token=\toks26
\lst@length=\count294
\lst@currlwidth=\dimen165
\lst@column=\count295
\lst@pos=\count296
\lst@lostspace=\dimen166
\lst@width=\dimen167
\lst@newlines=\count297
\lst@lineno=\count298
\lst@maxwidth=\dimen168
 (/usr/share/texlive/texmf-dist/tex/latex/listings/lstmisc.sty
File: lstmisc.sty 2020/03/24 1.8d (Carsten Heinz)
\c@lstnumber=\count299
\lst@skipnumbers=\count300
\lst@framebox=\box55
) (/usr/share/texlive/texmf-dist/tex/latex/listings/listings.cfg
File: listings.cfg 2020/03/24 1.8d listings configuration
))
Package: listings 2020/03/24 1.8d (Carsten Heinz)
 (/usr/share/texlive/texmf-dist/tex/latex/pdfpages/pdfpages.sty
Package: pdfpages 2022/12/19 v0.5x Insert pages of external PDF documents (AM)
 (/usr/share/texlive/texmf-dist/tex/latex/base/ifthen.sty
Package: ifthen 2022/04/13 v1.1d Standard LaTeX ifthen package (DPC)
) (/usr/share/texlive/texmf-dist/tex/latex/tools/calc.sty
Package: calc 2017/05/25 v4.3 Infix arithmetic (KKT,FJ)
\calc@Acount=\count301
\calc@Bcount=\count302
\calc@Adimen=\dimen169
\calc@Bdimen=\dimen170
\calc@Askip=\skip56
\calc@Bskip=\skip57
LaTeX Info: Redefining \setlength on input line 80.
LaTeX Info: Redefining \addtolength on input line 81.
\calc@Ccount=\count303
\calc@Cskip=\skip58
) (/usr/share/texlive/texmf-dist/tex/latex/eso-pic/eso-pic.sty
Package: eso-pic 2020/10/14 v3.0a eso-pic (RN)
\ESO@tempdima=\dimen171
\ESO@tempdimb=\dimen172
 (/usr/share/texlive/texmf-dist/tex/latex/xcolor/xcolor.sty
Package: xcolor 2022/06/12 v2.14 LaTeX color extensions (UK)
 (/usr/share/texlive/texmf-dist/tex/latex/graphics-cfg/color.cfg
File: color.cfg 2016/01/02 v1.6 sample color configuration
)
Package xcolor Info: Driver file: pdftex.def on input line 227.
 (/usr/share/texlive/texmf-dist/tex/latex/graphics/mathcolor.ltx)
Package xcolor Info: Model `cmy' substituted by `cmy0' on input line 1353.
Package xcolor Info: Model `hsb' substituted by `rgb' on input line 1357.
Package xcolor Info: Model `RGB' extended on input line 1369.
Package xcolor Info: Model `HTML' substituted by `rgb' on input line 1371.
Package xcolor Info: Model `Hsb' substituted by `hsb' on input line 1372.
Package xcolor Info: Model `tHsb' substituted by `hsb' on input line 1373.
Package xcolor Info: Model `HSB' substituted by `hsb' on input line 1374.
Package xcolor Info: Model `Gray' substituted by `gray' on input line 1375.
Package xcolor Info: Model `wave' substituted by `hsb' on input line 1376.
))
\AM@pagewidth=\dimen173
\AM@pageheight=\dimen174
\AM@fboxrule=\dimen175
 (/usr/share/texlive/texmf-dist/tex/latex/pdfpages/pppdftex.def
File: pppdftex.def 2022/12/19 v0.5x Pdfpages driver for pdfTeX (AM)
)
\pdfpages@includegraphics@status=\count304
\AM@pagebox=\box56
\AM@global@opts=\toks27
\AM@pagecnt=\count305
\AM@toc@title=\toks28
\AM@lof@heading=\toks29
\c@AM@survey=\count306
\AM@templatesizebox=\box57
) (/usr/share/texlive/texmf-dist/tex/latex/silence/silence.sty
Package: silence 2012/07/02 v1.5b Selective filtering of warnings and error messages
\sl@Save=\count307
\sl@StateNumber=\count308
\sl@MessageCount=\count309
\sl@Casualties=\count310
\sl@Filter=\toks30
\sl@Message=\toks31
\sl@UnexpandedMessage=\toks32
\sl@Mess@ge=\toks33
\sl@WarningCount=\count311
\sl@WarningNumber=\count312
\sl@WarningCasualties=\count313
\sl@TempBOW=\toks34
\sl@BankOfWarnings=\toks35
LaTeX Info: Redefining \GenericWarning on input line 433.
\sl@ErrorCount=\count314
\sl@ErrorNumber=\count315
\sl@ErrorCasualties=\count316
\sl@TempBOE=\toks36
\sl@BankOfErrors=\toks37
LaTeX Info: Redefining \GenericError on input line 601.
) (/usr/share/texlive/texmf-dist/tex/latex/csquotes/csquotes.sty
Package: csquotes 2022-09-14 v5.2n context-sensitive quotations (JAW)
 (/usr/share/texlive/texmf-dist/tex/latex/etoolbox/etoolbox.sty
Package: etoolbox 2020/10/05 v2.5k e-TeX tools for LaTeX (JAW)
\etb@tempcnta=\count317
)
\csq@reset=\count318
\csq@gtype=\count319
\csq@glevel=\count320
\csq@qlevel=\count321
\csq@maxlvl=\count322
\csq@tshold=\count323
\csq@ltx@everypar=\toks38
 (/usr/share/texlive/texmf-dist/tex/latex/csquotes/csquotes.def
File: csquotes.def 2022-09-14 v5.2n csquotes generic definitions (JAW)
)
Package csquotes Info: Trying to load configuration file 'csquotes.cfg'...
Package csquotes Info: ... configuration file loaded successfully.
 (/usr/share/texlive/texmf-dist/tex/latex/csquotes/csquotes.cfg
File: csquotes.cfg 
)) (/usr/share/texlive/texmf-dist/tex/latex/minted/minted.sty
Package: minted 2022/12/12 v2.7 Yet another Pygments shim for LaTeX
 (/usr/share/texlive/texmf-dist/tex/latex/fvextra/fvextra.sty
Package: fvextra 2022/11/30 v1.5 fvextra - extensions and patches for fancyvrb
 (/usr/share/texlive/texmf-dist/tex/latex/fancyvrb/fancyvrb.sty
Package: fancyvrb 2023/01/19 4.5a verbatim text (tvz,hv)
\FV@CodeLineNo=\count324
\FV@InFile=\read3
\FV@TabBox=\box58
\c@FancyVerbLine=\count325
\FV@StepNumber=\count326
\FV@OutFile=\write3
) (/usr/share/texlive/texmf-dist/tex/latex/upquote/upquote.sty
Package: upquote 2012/04/19 v1.3 upright-quote and grave-accent glyphs in verbatim
) (/usr/share/texlive/texmf-dist/tex/latex/lineno/lineno.sty
Package: lineno 2023/01/19 line numbers on paragraphs v5.1
\linenopenalty=\count327
\output=\toks39
\linenoprevgraf=\count328
\linenumbersep=\dimen176
\linenumberwidth=\dimen177
\c@linenumber=\count329
\c@pagewiselinenumber=\count330
\c@LN@truepage=\count331
\c@internallinenumber=\count332
\c@internallinenumbers=\count333
\quotelinenumbersep=\dimen178
\bframerule=\dimen179
\bframesep=\dimen180
\bframebox=\box59
\linenoamsmath@ams@eqpen=\count334


LaTeX Warning: Command \@parboxrestore  has changed.
               Check if current package is valid.

LaTeX Info: Redefining \\ on input line 3131.
)

Package fvextra Warning: csquotes should be loaded after fvextra, to avoid a warning from the lineno package on input line 36.

\c@FV@TrueTabGroupLevel=\count335
\c@FV@TrueTabCounter=\count336
\FV@TabBox@Group=\box60
\FV@TmpLength=\skip59
\c@FV@HighlightLinesStart=\count337
\c@FV@HighlightLinesStop=\count338
\FV@LoopCount=\count339
\FV@NCharsBox=\box61
\FV@BreakIndent=\dimen181
\FV@BreakIndentNChars=\count340
\FV@BreakSymbolSepLeft=\dimen182
\FV@BreakSymbolSepLeftNChars=\count341
\FV@BreakSymbolSepRight=\dimen183
\FV@BreakSymbolSepRightNChars=\count342
\FV@BreakSymbolIndentLeft=\dimen184
\FV@BreakSymbolIndentLeftNChars=\count343
\FV@BreakSymbolIndentRight=\dimen185
\FV@BreakSymbolIndentRightNChars=\count344
\c@FancyVerbLineBreakLast=\count345
\FV@LineBox=\box62
\FV@LineIndentBox=\box63
\c@FV@BreakBufferDepth=\count346
\FV@LineWidth=\dimen186
) (/usr/share/texlive/texmf-dist/tex/latex/tools/shellesc.sty
Package: shellesc 2019/11/08 v1.0c unified shell escape interface for LaTeX
Package shellesc Info: Unrestricted shell escape enabled on input line 75.
) (/usr/share/texlive/texmf-dist/tex/latex/ifplatform/ifplatform.sty
Package: ifplatform 2017/10/13 v0.4a Testing for the operating system
 (/usr/share/texlive/texmf-dist/tex/generic/catchfile/catchfile.sty
Package: catchfile 2019/12/09 v1.8 Catch the contents of a file (HO)
) (/usr/share/texlive/texmf-dist/tex/generic/iftex/ifluatex.sty
Package: ifluatex 2019/10/25 v1.5 ifluatex legacy package. Use iftex instead.
)
runsystem(uname -s > "implementacion.w18")...executed.

 (./implementacion.w18)
runsystem(rm -- "implementacion.w18")...executed.

) (/usr/share/texlive/texmf-dist/tex/generic/xstring/xstring.sty (/usr/share/texlive/texmf-dist/tex/generic/xstring/xstring.tex
\integerpart=\count347
\decimalpart=\count348
)
Package: xstring 2023/01/14 v1.85 String manipulations (CT)
) (/usr/share/texlive/texmf-dist/tex/latex/framed/framed.sty
Package: framed 2011/10/22 v 0.96: framed or shaded text with page breaks
\OuterFrameSep=\skip60
\fb@frw=\dimen187
\fb@frh=\dimen188
\FrameRule=\dimen189
\FrameSep=\dimen190
) (/usr/share/texlive/texmf-dist/tex/latex/float/float.sty
Package: float 2001/11/08 v1.3d Float enhancements (AL)
\c@float@type=\count349
\float@exts=\toks40
\float@box=\box64
\@float@everytoks=\toks41
\@floatcapt=\box65
)
\minted@appexistsfile=\read4
\minted@bgbox=\box66
\minted@code=\write4
\c@minted@FancyVerbLineTemp=\count350
\c@minted@pygmentizecounter=\count351
\@float@every@listing=\toks42
\c@listing=\count352
)
runsystem(mkdir -p aux/_minted-implementacion)...executed.

 (./dracula-theme.sty
Package: dracula-theme 2021/02/26 Dracula Theme
)))
Package csquotes Info: Checking for multilingual support...
Package csquotes Info: ... found 'babel' package.
Package csquotes Info: Adjusting default style.
Package csquotes Info: Redefining alias 'default' -> 'spanish'.
runsystem(which pygmentize && touch implementacion.aex)...executed.

runsystem(rm implementacion.aex)...executed.

 (aux/implementacion.aux
LaTeX Info: Redefining \. on input line 23.
LaTeX Info: Redefining \% on input line 23.
)
\openout1 = `implementacion.aux'.

LaTeX Font Info:    Checking defaults for OML/cmm/m/it on input line 3.
LaTeX Font Info:    ... okay on input line 3.
LaTeX Font Info:    Checking defaults for OMS/cmsy/m/n on input line 3.
LaTeX Font Info:    ... okay on input line 3.
LaTeX Font Info:    Checking defaults for OT1/cmr/m/n on input line 3.
LaTeX Font Info:    ... okay on input line 3.
LaTeX Font Info:    Checking defaults for T1/cmr/m/n on input line 3.
LaTeX Font Info:    ... okay on input line 3.
LaTeX Font Info:    Checking defaults for TS1/cmr/m/n on input line 3.
LaTeX Font Info:    ... okay on input line 3.
LaTeX Font Info:    Checking defaults for OMX/cmex/m/n on input line 3.
LaTeX Font Info:    ... okay on input line 3.
LaTeX Font Info:    Checking defaults for U/cmr/m/n on input line 3.
LaTeX Font Info:    ... okay on input line 3.
LaTeX Font Info:    Checking defaults for PD1/pdf/m/n on input line 3.
LaTeX Font Info:    ... okay on input line 3.
LaTeX Font Info:    Checking defaults for PU/pdf/m/n on input line 3.
LaTeX Font Info:    ... okay on input line 3.
 (/usr/share/texlive/texmf-dist/tex/context/base/mkii/supp-pdf.mkii
[Loading MPS to PDF converter (version 2006.09.02).]
\scratchcounter=\count353
\scratchdimen=\dimen191
\scratchbox=\box67
\nofMPsegments=\count354
\nofMParguments=\count355
\everyMPshowfont=\toks43
\MPscratchCnt=\count356
\MPscratchDim=\dimen192
\MPnumerator=\count357
\makeMPintoPDFobject=\count358
\everyMPtoPDFconversion=\toks44
) (/usr/share/texlive/texmf-dist/tex/latex/epstopdf-pkg/epstopdf-base.sty
Package: epstopdf-base 2020-01-24 v2.11 Base part for package epstopdf
Package epstopdf-base Info: Redefining graphics rule for `.eps' on input line 485.
 (/usr/share/texlive/texmf-dist/tex/latex/latexconfig/epstopdf-sys.cfg
File: epstopdf-sys.cfg 2010/07/13 v1.3 Configuration of (r)epstopdf for TeX Live
))
*geometry* driver: auto-detecting
*geometry* detected driver: pdftex
*geometry* verbose mode - [ preamble ] result:
* driver: pdftex
* paper: a4paper
* layout: <same size as paper>
* layoutoffset:(h,v)=(0.0pt,0.0pt)
* modes: 
* h-part:(L,W,R)=(36.135pt, 525.23788pt, 36.135pt)
* v-part:(T,H,B)=(36.135pt, 772.77686pt, 36.135pt)
* \paperwidth=597.50787pt
* \paperheight=845.04684pt
* \textwidth=525.23788pt
* \textheight=772.77686pt
* \oddsidemargin=-36.135pt
* \evensidemargin=-36.135pt
* \topmargin=-73.135pt
* \headheight=12.0pt
* \headsep=25.0pt
* \topskip=12.0pt
* \footskip=30.0pt
* \marginparwidth=4.0pt
* \marginparsep=10.0pt
* \columnsep=10.0pt
* \skip\footins=10.8pt plus 4.0pt minus 2.0pt
* \hoffset=0.0pt
* \voffset=0.0pt
* \mag=1000
* \@twocolumntrue
* \@twosidefalse
* \@mparswitchfalse
* \@reversemarginfalse
* (1in=72.27pt=25.4mm, 1cm=28.453pt)

Package hyperref Info: Link coloring OFF on input line 3.
(aux/implementacion.out) (aux/implementacion.out)
\@outlinefile=\write5
\openout5 = `implementacion.out'.

LaTeX Info: Redefining \. on input line 3.
LaTeX Info: Redefining \% on input line 3.
 (/usr/share/texlive/texmf-dist/tex/latex/base/textcomp.sty
Package: textcomp 2020/02/02 v2.0n Standard LaTeX package
)
\c@lstlisting=\count359
 (/usr/share/texlive/texmf-dist/tex/latex/pdflscape/pdflscape.sty
Package: pdflscape 2022-10-27 v0.13 Display of landscape pages in PDF
 (/usr/share/texlive/texmf-dist/tex/latex/pdflscape/pdflscape-nometadata.sty
Package: pdflscape-nometadata 2022-10-28 v0.13 Display of landscape pages in PDF (HO)
 (/usr/share/texlive/texmf-dist/tex/latex/graphics/lscape.sty
Package: lscape 2020/05/28 v3.02 Landscape Pages (DPC)
)
Package pdflscape Info: Auto-detected driver: pdftex on input line 81.
))
<notebooks/preprocesamiento.pdf, id=28, 614.295pt x 794.97pt>
File: notebooks/preprocesamiento.pdf Graphic file (type pdf)
<use notebooks/preprocesamiento.pdf>
Package pdftex.def Info: notebooks/preprocesamiento.pdf  used on input line 11.
(pdftex.def)             Requested size: 614.29349pt x 794.96806pt.
File: notebooks/preprocesamiento.pdf Graphic file (type pdf)
<use notebooks/preprocesamiento.pdf>
Package pdftex.def Info: notebooks/preprocesamiento.pdf  used on input line 11.
(pdftex.def)             Requested size: 614.29349pt x 794.96806pt.
<notebooks/preprocesamiento.pdf, id=31, page=1, 614.295pt x 794.97pt>
File: notebooks/preprocesamiento.pdf Graphic file (type pdf)
<use notebooks/preprocesamiento.pdf, page 1>
Package pdftex.def Info: notebooks/preprocesamiento.pdf , page1 used on input line 11.
(pdftex.def)             Requested size: 614.29349pt x 794.96806pt.
File: notebooks/preprocesamiento.pdf Graphic file (type pdf)
<use notebooks/preprocesamiento.pdf, page 1>
Package pdftex.def Info: notebooks/preprocesamiento.pdf , page1 used on input line 11.
(pdftex.def)             Requested size: 597.78697pt x 773.60669pt.
File: notebooks/preprocesamiento.pdf Graphic file (type pdf)
<use notebooks/preprocesamiento.pdf, page 1>
Package pdftex.def Info: notebooks/preprocesamiento.pdf , page1 used on input line 11.
(pdftex.def)             Requested size: 597.78697pt x 773.60669pt.
File: notebooks/preprocesamiento.pdf Graphic file (type pdf)
<use notebooks/preprocesamiento.pdf, page 1>
Package pdftex.def Info: notebooks/preprocesamiento.pdf , page1 used on input line 11.
(pdftex.def)             Requested size: 597.78697pt x 773.60669pt.
File: notebooks/preprocesamiento.pdf Graphic file (type pdf)
<use notebooks/preprocesamiento.pdf, page 1>
Package pdftex.def Info: notebooks/preprocesamiento.pdf , page1 used on input line 11.
(pdftex.def)             Requested size: 597.78697pt x 773.60669pt.
 [1 <./notebooks/preprocesamiento.pdf>]
<notebooks/preprocesamiento.pdf, id=72, page=2, 614.295pt x 794.97pt>
File: notebooks/preprocesamiento.pdf Graphic file (type pdf)
<use notebooks/preprocesamiento.pdf, page 2>
Package pdftex.def Info: notebooks/preprocesamiento.pdf , page2 used on input line 11.
(pdftex.def)             Requested size: 597.78697pt x 773.60669pt.
File: notebooks/preprocesamiento.pdf Graphic file (type pdf)
<use notebooks/preprocesamiento.pdf, page 2>
Package pdftex.def Info: notebooks/preprocesamiento.pdf , page2 used on input line 11.
(pdftex.def)             Requested size: 597.78697pt x 773.60669pt.
File: notebooks/preprocesamiento.pdf Graphic file (type pdf)
<use notebooks/preprocesamiento.pdf, page 2>
Package pdftex.def Info: notebooks/preprocesamiento.pdf , page2 used on input line 11.
(pdftex.def)             Requested size: 597.78697pt x 773.60669pt.
 [2 <./notebooks/preprocesamiento.pdf>]
<notebooks/preprocesamiento.pdf, id=77, page=3, 614.295pt x 794.97pt>
File: notebooks/preprocesamiento.pdf Graphic file (type pdf)
<use notebooks/preprocesamiento.pdf, page 3>
Package pdftex.def Info: notebooks/preprocesamiento.pdf , page3 used on input line 11.
(pdftex.def)             Requested size: 597.78697pt x 773.60669pt.
File: notebooks/preprocesamiento.pdf Graphic file (type pdf)
<use notebooks/preprocesamiento.pdf, page 3>
Package pdftex.def Info: notebooks/preprocesamiento.pdf , page3 used on input line 11.
(pdftex.def)             Requested size: 597.78697pt x 773.60669pt.
File: notebooks/preprocesamiento.pdf Graphic file (type pdf)
<use notebooks/preprocesamiento.pdf, page 3>
Package pdftex.def Info: notebooks/preprocesamiento.pdf , page3 used on input line 11.
(pdftex.def)             Requested size: 597.78697pt x 773.60669pt.
 [3 <./notebooks/preprocesamiento.pdf>]
<notebooks/preprocesamiento.pdf, id=96, page=4, 614.295pt x 794.97pt>
File: notebooks/preprocesamiento.pdf Graphic file (type pdf)
<use notebooks/preprocesamiento.pdf, page 4>
Package pdftex.def Info: notebooks/preprocesamiento.pdf , page4 used on input line 11.
(pdftex.def)             Requested size: 597.78697pt x 773.60669pt.
File: notebooks/preprocesamiento.pdf Graphic file (type pdf)
<use notebooks/preprocesamiento.pdf, page 4>
Package pdftex.def Info: notebooks/preprocesamiento.pdf , page4 used on input line 11.
(pdftex.def)             Requested size: 597.78697pt x 773.60669pt.
File: notebooks/preprocesamiento.pdf Graphic file (type pdf)
<use notebooks/preprocesamiento.pdf, page 4>
Package pdftex.def Info: notebooks/preprocesamiento.pdf , page4 used on input line 11.
(pdftex.def)             Requested size: 597.78697pt x 773.60669pt.
 [4 <./notebooks/preprocesamiento.pdf>]
<notebooks/preprocesamiento.pdf, id=101, page=5, 614.295pt x 794.97pt>
File: notebooks/preprocesamiento.pdf Graphic file (type pdf)
<use notebooks/preprocesamiento.pdf, page 5>
Package pdftex.def Info: notebooks/preprocesamiento.pdf , page5 used on input line 11.
(pdftex.def)             Requested size: 597.78697pt x 773.60669pt.
File: notebooks/preprocesamiento.pdf Graphic file (type pdf)
<use notebooks/preprocesamiento.pdf, page 5>
Package pdftex.def Info: notebooks/preprocesamiento.pdf , page5 used on input line 11.
(pdftex.def)             Requested size: 597.78697pt x 773.60669pt.
File: notebooks/preprocesamiento.pdf Graphic file (type pdf)
<use notebooks/preprocesamiento.pdf, page 5>
Package pdftex.def Info: notebooks/preprocesamiento.pdf , page5 used on input line 11.
(pdftex.def)             Requested size: 597.78697pt x 773.60669pt.
 [5 <./notebooks/preprocesamiento.pdf>]
<notebooks/preprocesamiento.pdf, id=106, page=6, 614.295pt x 794.97pt>
File: notebooks/preprocesamiento.pdf Graphic file (type pdf)
<use notebooks/preprocesamiento.pdf, page 6>
Package pdftex.def Info: notebooks/preprocesamiento.pdf , page6 used on input line 11.
(pdftex.def)             Requested size: 597.78697pt x 773.60669pt.
File: notebooks/preprocesamiento.pdf Graphic file (type pdf)
<use notebooks/preprocesamiento.pdf, page 6>
Package pdftex.def Info: notebooks/preprocesamiento.pdf , page6 used on input line 11.
(pdftex.def)             Requested size: 597.78697pt x 773.60669pt.
File: notebooks/preprocesamiento.pdf Graphic file (type pdf)
<use notebooks/preprocesamiento.pdf, page 6>
Package pdftex.def Info: notebooks/preprocesamiento.pdf , page6 used on input line 11.
(pdftex.def)             Requested size: 597.78697pt x 773.60669pt.
 [6 <./notebooks/preprocesamiento.pdf>]
<notebooks/preprocesamiento.pdf, id=111, page=7, 614.295pt x 794.97pt>
File: notebooks/preprocesamiento.pdf Graphic file (type pdf)
<use notebooks/preprocesamiento.pdf, page 7>
Package pdftex.def Info: notebooks/preprocesamiento.pdf , page7 used on input line 11.
(pdftex.def)             Requested size: 597.78697pt x 773.60669pt.
File: notebooks/preprocesamiento.pdf Graphic file (type pdf)
<use notebooks/preprocesamiento.pdf, page 7>
Package pdftex.def Info: notebooks/preprocesamiento.pdf , page7 used on input line 11.
(pdftex.def)             Requested size: 597.78697pt x 773.60669pt.
File: notebooks/preprocesamiento.pdf Graphic file (type pdf)
<use notebooks/preprocesamiento.pdf, page 7>
Package pdftex.def Info: notebooks/preprocesamiento.pdf , page7 used on input line 11.
(pdftex.def)             Requested size: 597.78697pt x 773.60669pt.
 [7 <./notebooks/preprocesamiento.pdf>]
<notebooks/preprocesamiento.pdf, id=117, page=8, 614.295pt x 794.97pt>
File: notebooks/preprocesamiento.pdf Graphic file (type pdf)
<use notebooks/preprocesamiento.pdf, page 8>
Package pdftex.def Info: notebooks/preprocesamiento.pdf , page8 used on input line 11.
(pdftex.def)             Requested size: 597.78697pt x 773.60669pt.
File: notebooks/preprocesamiento.pdf Graphic file (type pdf)
<use notebooks/preprocesamiento.pdf, page 8>
Package pdftex.def Info: notebooks/preprocesamiento.pdf , page8 used on input line 11.
(pdftex.def)             Requested size: 597.78697pt x 773.60669pt.
File: notebooks/preprocesamiento.pdf Graphic file (type pdf)
<use notebooks/preprocesamiento.pdf, page 8>
Package pdftex.def Info: notebooks/preprocesamiento.pdf , page8 used on input line 11.
(pdftex.def)             Requested size: 597.78697pt x 773.60669pt.
 [8 <./notebooks/preprocesamiento.pdf>]
<notebooks/preprocesamiento.pdf, id=122, page=9, 614.295pt x 794.97pt>
File: notebooks/preprocesamiento.pdf Graphic file (type pdf)
<use notebooks/preprocesamiento.pdf, page 9>
Package pdftex.def Info: notebooks/preprocesamiento.pdf , page9 used on input line 11.
(pdftex.def)             Requested size: 597.78697pt x 773.60669pt.
File: notebooks/preprocesamiento.pdf Graphic file (type pdf)
<use notebooks/preprocesamiento.pdf, page 9>
Package pdftex.def Info: notebooks/preprocesamiento.pdf , page9 used on input line 11.
(pdftex.def)             Requested size: 597.78697pt x 773.60669pt.
File: notebooks/preprocesamiento.pdf Graphic file (type pdf)
<use notebooks/preprocesamiento.pdf, page 9>
Package pdftex.def Info: notebooks/preprocesamiento.pdf , page9 used on input line 11.
(pdftex.def)             Requested size: 597.78697pt x 773.60669pt.
 [9 <./notebooks/preprocesamiento.pdf>]
<notebooks/preprocesamiento.pdf, id=127, page=10, 614.295pt x 794.97pt>
File: notebooks/preprocesamiento.pdf Graphic file (type pdf)
<use notebooks/preprocesamiento.pdf, page 10>
Package pdftex.def Info: notebooks/preprocesamiento.pdf , page10 used on input line 11.
(pdftex.def)             Requested size: 597.78697pt x 773.60669pt.
File: notebooks/preprocesamiento.pdf Graphic file (type pdf)
<use notebooks/preprocesamiento.pdf, page 10>
Package pdftex.def Info: notebooks/preprocesamiento.pdf , page10 used on input line 11.
(pdftex.def)             Requested size: 597.78697pt x 773.60669pt.
File: notebooks/preprocesamiento.pdf Graphic file (type pdf)
<use notebooks/preprocesamiento.pdf, page 10>
Package pdftex.def Info: notebooks/preprocesamiento.pdf , page10 used on input line 11.
(pdftex.def)             Requested size: 597.78697pt x 773.60669pt.
 [10 <./notebooks/preprocesamiento.pdf>]
<notebooks/preprocesamiento.pdf, id=132, page=11, 614.295pt x 794.97pt>
File: notebooks/preprocesamiento.pdf Graphic file (type pdf)
<use notebooks/preprocesamiento.pdf, page 11>
Package pdftex.def Info: notebooks/preprocesamiento.pdf , page11 used on input line 11.
(pdftex.def)             Requested size: 597.78697pt x 773.60669pt.
File: notebooks/preprocesamiento.pdf Graphic file (type pdf)
<use notebooks/preprocesamiento.pdf, page 11>
Package pdftex.def Info: notebooks/preprocesamiento.pdf , page11 used on input line 11.
(pdftex.def)             Requested size: 597.78697pt x 773.60669pt.
File: notebooks/preprocesamiento.pdf Graphic file (type pdf)
<use notebooks/preprocesamiento.pdf, page 11>
Package pdftex.def Info: notebooks/preprocesamiento.pdf , page11 used on input line 11.
(pdftex.def)             Requested size: 597.78697pt x 773.60669pt.
 [11 <./notebooks/preprocesamiento.pdf>]
<notebooks/preprocesamiento.pdf, id=137, page=12, 614.295pt x 794.97pt>
File: notebooks/preprocesamiento.pdf Graphic file (type pdf)
<use notebooks/preprocesamiento.pdf, page 12>
Package pdftex.def Info: notebooks/preprocesamiento.pdf , page12 used on input line 11.
(pdftex.def)             Requested size: 597.78697pt x 773.60669pt.
File: notebooks/preprocesamiento.pdf Graphic file (type pdf)
<use notebooks/preprocesamiento.pdf, page 12>
Package pdftex.def Info: notebooks/preprocesamiento.pdf , page12 used on input line 11.
(pdftex.def)             Requested size: 597.78697pt x 773.60669pt.
File: notebooks/preprocesamiento.pdf Graphic file (type pdf)
<use notebooks/preprocesamiento.pdf, page 12>
Package pdftex.def Info: notebooks/preprocesamiento.pdf , page12 used on input line 11.
(pdftex.def)             Requested size: 597.78697pt x 773.60669pt.
 [12 <./notebooks/preprocesamiento.pdf>]
<notebooks/preprocesamiento.pdf, id=142, page=13, 614.295pt x 794.97pt>
File: notebooks/preprocesamiento.pdf Graphic file (type pdf)
<use notebooks/preprocesamiento.pdf, page 13>
Package pdftex.def Info: notebooks/preprocesamiento.pdf , page13 used on input line 11.
(pdftex.def)             Requested size: 597.78697pt x 773.60669pt.
File: notebooks/preprocesamiento.pdf Graphic file (type pdf)
<use notebooks/preprocesamiento.pdf, page 13>
Package pdftex.def Info: notebooks/preprocesamiento.pdf , page13 used on input line 11.
(pdftex.def)             Requested size: 597.78697pt x 773.60669pt.
File: notebooks/preprocesamiento.pdf Graphic file (type pdf)
<use notebooks/preprocesamiento.pdf, page 13>
Package pdftex.def Info: notebooks/preprocesamiento.pdf , page13 used on input line 11.
(pdftex.def)             Requested size: 597.78697pt x 773.60669pt.
 [13 <./notebooks/preprocesamiento.pdf>]
<notebooks/preprocesamiento.pdf, id=148, page=14, 614.295pt x 794.97pt>
File: notebooks/preprocesamiento.pdf Graphic file (type pdf)
<use notebooks/preprocesamiento.pdf, page 14>
Package pdftex.def Info: notebooks/preprocesamiento.pdf , page14 used on input line 11.
(pdftex.def)             Requested size: 597.78697pt x 773.60669pt.
File: notebooks/preprocesamiento.pdf Graphic file (type pdf)
<use notebooks/preprocesamiento.pdf, page 14>
Package pdftex.def Info: notebooks/preprocesamiento.pdf , page14 used on input line 11.
(pdftex.def)             Requested size: 597.78697pt x 773.60669pt.
File: notebooks/preprocesamiento.pdf Graphic file (type pdf)
<use notebooks/preprocesamiento.pdf, page 14>
Package pdftex.def Info: notebooks/preprocesamiento.pdf , page14 used on input line 11.
(pdftex.def)             Requested size: 597.78697pt x 773.60669pt.
 [14 <./notebooks/preprocesamiento.pdf>]
<notebooks/preprocesamiento.pdf, id=153, page=15, 614.295pt x 794.97pt>
File: notebooks/preprocesamiento.pdf Graphic file (type pdf)
<use notebooks/preprocesamiento.pdf, page 15>
Package pdftex.def Info: notebooks/preprocesamiento.pdf , page15 used on input line 11.
(pdftex.def)             Requested size: 597.78697pt x 773.60669pt.
File: notebooks/preprocesamiento.pdf Graphic file (type pdf)
<use notebooks/preprocesamiento.pdf, page 15>
Package pdftex.def Info: notebooks/preprocesamiento.pdf , page15 used on input line 11.
(pdftex.def)             Requested size: 597.78697pt x 773.60669pt.
File: notebooks/preprocesamiento.pdf Graphic file (type pdf)
<use notebooks/preprocesamiento.pdf, page 15>
Package pdftex.def Info: notebooks/preprocesamiento.pdf , page15 used on input line 11.
(pdftex.def)             Requested size: 597.78697pt x 773.60669pt.
 [15 <./notebooks/preprocesamiento.pdf>]
<notebooks/preprocesamiento.pdf, id=158, page=16, 614.295pt x 794.97pt>
File: notebooks/preprocesamiento.pdf Graphic file (type pdf)
<use notebooks/preprocesamiento.pdf, page 16>
Package pdftex.def Info: notebooks/preprocesamiento.pdf , page16 used on input line 11.
(pdftex.def)             Requested size: 597.78697pt x 773.60669pt.
File: notebooks/preprocesamiento.pdf Graphic file (type pdf)
<use notebooks/preprocesamiento.pdf, page 16>
Package pdftex.def Info: notebooks/preprocesamiento.pdf , page16 used on input line 11.
(pdftex.def)             Requested size: 597.78697pt x 773.60669pt.
File: notebooks/preprocesamiento.pdf Graphic file (type pdf)
<use notebooks/preprocesamiento.pdf, page 16>
Package pdftex.def Info: notebooks/preprocesamiento.pdf , page16 used on input line 11.
(pdftex.def)             Requested size: 597.78697pt x 773.60669pt.
 [16 <./notebooks/preprocesamiento.pdf>]
<notebooks/preprocesamiento.pdf, id=163, page=17, 614.295pt x 794.97pt>
File: notebooks/preprocesamiento.pdf Graphic file (type pdf)
<use notebooks/preprocesamiento.pdf, page 17>
Package pdftex.def Info: notebooks/preprocesamiento.pdf , page17 used on input line 11.
(pdftex.def)             Requested size: 597.78697pt x 773.60669pt.
File: notebooks/preprocesamiento.pdf Graphic file (type pdf)
<use notebooks/preprocesamiento.pdf, page 17>
Package pdftex.def Info: notebooks/preprocesamiento.pdf , page17 used on input line 11.
(pdftex.def)             Requested size: 597.78697pt x 773.60669pt.
File: notebooks/preprocesamiento.pdf Graphic file (type pdf)
<use notebooks/preprocesamiento.pdf, page 17>
Package pdftex.def Info: notebooks/preprocesamiento.pdf , page17 used on input line 11.
(pdftex.def)             Requested size: 597.78697pt x 773.60669pt.
 [17 <./notebooks/preprocesamiento.pdf>]
<notebooks/preprocesamiento.pdf, id=168, page=18, 614.295pt x 794.97pt>
File: notebooks/preprocesamiento.pdf Graphic file (type pdf)
<use notebooks/preprocesamiento.pdf, page 18>
Package pdftex.def Info: notebooks/preprocesamiento.pdf , page18 used on input line 11.
(pdftex.def)             Requested size: 597.78697pt x 773.60669pt.
File: notebooks/preprocesamiento.pdf Graphic file (type pdf)
<use notebooks/preprocesamiento.pdf, page 18>
Package pdftex.def Info: notebooks/preprocesamiento.pdf , page18 used on input line 11.
(pdftex.def)             Requested size: 597.78697pt x 773.60669pt.
File: notebooks/preprocesamiento.pdf Graphic file (type pdf)
<use notebooks/preprocesamiento.pdf, page 18>
Package pdftex.def Info: notebooks/preprocesamiento.pdf , page18 used on input line 11.
(pdftex.def)             Requested size: 597.78697pt x 773.60669pt.
 [18 <./notebooks/preprocesamiento.pdf>]
<notebooks/preprocesamiento.pdf, id=173, page=19, 614.295pt x 794.97pt>
File: notebooks/preprocesamiento.pdf Graphic file (type pdf)
<use notebooks/preprocesamiento.pdf, page 19>
Package pdftex.def Info: notebooks/preprocesamiento.pdf , page19 used on input line 11.
(pdftex.def)             Requested size: 597.78697pt x 773.60669pt.
File: notebooks/preprocesamiento.pdf Graphic file (type pdf)
<use notebooks/preprocesamiento.pdf, page 19>
Package pdftex.def Info: notebooks/preprocesamiento.pdf , page19 used on input line 11.
(pdftex.def)             Requested size: 597.78697pt x 773.60669pt.
File: notebooks/preprocesamiento.pdf Graphic file (type pdf)
<use notebooks/preprocesamiento.pdf, page 19>
Package pdftex.def Info: notebooks/preprocesamiento.pdf , page19 used on input line 11.
(pdftex.def)             Requested size: 597.78697pt x 773.60669pt.
 [19 <./notebooks/preprocesamiento.pdf>]
<notebooks/preprocesamiento.pdf, id=179, page=20, 614.295pt x 794.97pt>
File: notebooks/preprocesamiento.pdf Graphic file (type pdf)
<use notebooks/preprocesamiento.pdf, page 20>
Package pdftex.def Info: notebooks/preprocesamiento.pdf , page20 used on input line 11.
(pdftex.def)             Requested size: 597.78697pt x 773.60669pt.
File: notebooks/preprocesamiento.pdf Graphic file (type pdf)
<use notebooks/preprocesamiento.pdf, page 20>
Package pdftex.def Info: notebooks/preprocesamiento.pdf , page20 used on input line 11.
(pdftex.def)             Requested size: 597.78697pt x 773.60669pt.
File: notebooks/preprocesamiento.pdf Graphic file (type pdf)
<use notebooks/preprocesamiento.pdf, page 20>
Package pdftex.def Info: notebooks/preprocesamiento.pdf , page20 used on input line 11.
(pdftex.def)             Requested size: 597.78697pt x 773.60669pt.
 [20

{/var/lib/texmf/fonts/map/pdftex/updmap/pdftex.map} <./notebooks/preprocesamiento.pdf>]
LaTeX Font Info:    Trying to load font information for U+msa on input line 15.
 (/usr/share/texlive/texmf-dist/tex/latex/amsfonts/umsa.fd
File: umsa.fd 2013/01/14 v3.01 AMS symbols A
)
LaTeX Font Info:    Trying to load font information for U+msb on input line 15.
 (/usr/share/texlive/texmf-dist/tex/latex/amsfonts/umsb.fd
File: umsb.fd 2013/01/14 v3.01 AMS symbols B
)

Package natbib Warning: Citation `Mkkoehler_2020' on page 21 undefined on input line 15.

<.././images//convoled_cat.png, id=190, 144.54pt x 66.19933pt>
File: .././images//convoled_cat.png Graphic file (type png)
<use .././images//convoled_cat.png>
Package pdftex.def Info: .././images//convoled_cat.png  used on input line 21.
(pdftex.def)             Requested size: 257.61894pt x 117.99603pt.

Package natbib Warning: Citation `krizhevsky2012imagenet' on page 21 undefined on input line 36.


Package natbib Warning: Citation `alom2018history' on page 21 undefined on input line 39.

[21
pdfTeX warning (ext4): destination with the same identifier (name{figure.1}) has been already used, duplicate ignored
<argument> ...shipout:D \box_use:N \l_shipout_box 
                                                  \__shipout_drop_firstpage_...
l.80 
      <aux/.././images//convoled_cat.png>]
\openout3 = `implementacion.pyg'.

 (./aux/_minted-implementacion/default.pygstyle) (./aux/_minted-implementacion/EF8EA72DBB4DEE56D4C1EB8153C21847C0AB629DE58CD1224F979DF54F87A0BD.pygtex)
\openout3 = `implementacion.pyg'.

 (./aux/_minted-implementacion/E87A0ECC12503622B98CEEDE65DEEADCC0AB629DE58CD1224F979DF54F87A0BD.pygtex)
<.././images//alex_net.png, id=202, 767.86874pt x 418.56375pt>
File: .././images//alex_net.png Graphic file (type png)
<use .././images//alex_net.png>
Package pdftex.def Info: .././images//alex_net.png  used on input line 147.
(pdftex.def)             Requested size: 257.61894pt x 140.42569pt.


LaTeX Warning: Reference `sec:dataset_explanation' on page 22 undefined on input line 154.


Package natbib Warning: Citation `MNIST' on page 22 undefined on input line 156.

[22
pdfTeX warning (ext4): destination with the same identifier (name{figure.2}) has been already used, duplicate ignored
<argument> ...shipout:D \box_use:N \l_shipout_box 
                                                  \__shipout_drop_firstpage_...
l.165 
       <aux/.././images//alex_net.png>]

Package natbib Warning: Citation `krizhevsky2012imagenet' on page 23 undefined on input line 173.


Package natbib Warning: Citation `wei2023binary' on page 23 undefined on input line 177.


Underfull \hbox (badness 10000) in paragraph at lines 177--178
[]\OT1/cmr/m/n/12 El mo-de-lo fi-na-li-za con una ca-pa
 []


Underfull \hbox (badness 10000) in paragraph at lines 177--178
\OT1/cmtt/m/n/12 Dense(num[]classes) \OT1/cmr/m/n/12 don-de \OT1/cmtt/m/n/12 num[]classes
 []


Underfull \hbox (badness 6792) in paragraph at lines 177--178
\OT1/cmr/m/n/12 nues-tro ca-so) (ca-te-gor^^S^^Pas) Es-to per-mi-te
 []


Package natbib Warning: Citation `radiuk2017impact' on page 23 undefined on input line 185.

[23]
\openout3 = `implementacion.pyg'.

 (./aux/_minted-implementacion/E5F05B82514BD72EE0C363D15D8AF8AAC0AB629DE58CD1224F979DF54F87A0BD.pygtex)

Package natbib Warning: Citation `keras_rmsprop' on page 24 undefined on input line 248.


Underfull \hbox (badness 10000) in paragraph at lines 247--249
[]\OT1/cmr/bx/n/12 learning[]rate\OT1/cmr/m/n/12 : A
 []


Underfull \hbox (badness 10000) in paragraph at lines 247--249
\OT1/cmtt/m/n/12 float\OT1/cmr/m/n/12 , a \OT1/cmtt/m/n/12 keras.
 []


Underfull \hbox (badness 10000) in paragraph at lines 247--249
\OT1/cmtt/m/n/12 optimizers. schedules.
 []


Underfull \hbox (badness 10000) in paragraph at lines 247--249
\OT1/cmtt/m/n/12 LearningRateSchedule \OT1/cmr/m/n/12 ins-
 []


Underfull \hbox (badness 10000) in paragraph at lines 247--249
\OT1/cmr/m/n/12 no ar-gu-ments and re-turns
 []


Underfull \hbox (badness 10000) in paragraph at lines 254--256
[]\OT1/cmr/bx/n/12 P^^Serdi-da (Spar-se-Ca-te-go-ri-cal-Cros-sen-
 []


Underfull \hbox (badness 4229) in paragraph at lines 254--256
\OT1/cmr/bx/n/12 tropy)\OT1/cmr/m/n/12 : La p^^Serdi-da \OT1/cmr/bx/n/12 Spar-se-Ca-te-go-ri-cal-
 []

[24]
\openout3 = `implementacion.pyg'.

 (./aux/_minted-implementacion/F9D5D2D33D4566F864450D9F20E119C4C0AB629DE58CD1224F979DF54F87A0BD.pygtex
LaTeX Font Info:    Font shape `OT1/cmtt/bx/n' in size <12> not available
(Font)              Font shape `OT1/cmtt/m/n' tried instead on input line 4.
)
Overfull \hbox (3.86583pt too wide) detected at line 320
[] \OT1/cmr/m/n/12 = []
 []


Underfull \hbox (badness 7433) in paragraph at lines 348--349
\OT1/cmr/m/n/12 usa \OT1/cmtt/m/n/12 SparseCategoricalCrossentropy
 []


Underfull \hbox (badness 10000) in paragraph at lines 379--380
[]\OT1/cmr/m/n/12 Para ca-da ca-pa con-vo-lu-cio-nal
 []

[25]
Underfull \hbox (badness 10000) in paragraph at lines 417--418
[]\OT1/cmr/m/n/12 El mo-de-lo com-pa-ra las pre-dic-
 []


Underfull \hbox (badness 10000) in paragraph at lines 417--418
\OT1/cmr/m/n/12 cio-nes con las eti-que-tas reales
 []


Underfull \hbox (badness 10000) in paragraph at lines 417--418
\OT1/cmr/m/n/12 usan-do la fun-ci^^Son de p^^Serdi-da
 []


Underfull \hbox (badness 10000) in paragraph at lines 417--418
\OT1/cmr/m/n/12 (\OT1/cmtt/m/n/12 SparseCategoricalCrossentropy
 []


Underfull \hbox (badness 4429) in paragraph at lines 427--428
[]\OT1/cmr/m/n/12 Actualiza los va-lo-res de los
 []


Underfull \hbox (badness 3281) in paragraph at lines 450--452
[]\OT1/cmr/bx/n/12 Actualizaci^^Son de par^^Same-tros\OT1/cmr/m/n/12 :
 []


Underfull \hbox (badness 2103) in paragraph at lines 466--468
[]\OT1/cmr/m/n/12 Kernels en las ca-pas con-vo-lu-cio-na-les
 []


Underfull \hbox (badness 2126) in paragraph at lines 468--470
[]\OT1/cmr/m/n/12 Pesos y ses-gos en las ca-pas den-sas
 []


Package natbib Warning: Citation `customizing_fit' on page 26 undefined on input line 475.


Package natbib Warning: Citation `making_new_layer' on page 26 undefined on input line 476.


Package natbib Warning: There were undefined citations.

[26] (aux/implementacion.aux
LaTeX Info: Redefining \. on input line 23.
LaTeX Info: Redefining \% on input line 23.
)

LaTeX Warning: There were undefined references.

Package rerunfilecheck Info: File `implementacion.out' has not changed.
(rerunfilecheck)             Checksum: AF556F391A7D3ECAD9E5ACAA79CD73BC;1239.
runsystem(rm aux//implementacion.pyg)...executed.

 ) 
Here is how much of TeX's memory you used:
 19165 strings out of 476091
 326555 string characters out of 5794081
 1869330 words of memory out of 5000000
 39160 multiletter control sequences out of 15000+600000
 519924 words of font info for 60 fonts, out of 8000000 for 9000
 1141 hyphenation exceptions out of 8191
 95i,17n,94p,828b,857s stack positions out of 10000i,1000n,20000p,200000b,200000s
{/usr/share/texmf/fonts/enc/dvips/cm-super/cm-super-ts1.enc}</usr/share/texlive/texmf-dist/fonts/type1/public/amsfonts/cm/cmbx12.pfb></usr/share/texlive/texmf-dist/fonts/type1/public/amsfonts/cm/cmex10.pfb></usr/share/texlive/texmf-dist/fonts/type1/public/amsfonts/cm/cmmi12.pfb></usr/share/texlive/texmf-dist/fonts/type1/public/amsfonts/cm/cmmi6.pfb></usr/share/texlive/texmf-dist/fonts/type1/public/amsfonts/cm/cmmi8.pfb></usr/share/texlive/texmf-dist/fonts/type1/public/amsfonts/cm/cmr12.pfb></usr/share/texlive/texmf-dist/fonts/type1/public/amsfonts/cm/cmr8.pfb></usr/share/texlive/texmf-dist/fonts/type1/public/amsfonts/cm/cmsy10.pfb></usr/share/texlive/texmf-dist/fonts/type1/public/amsfonts/cm/cmsy8.pfb></usr/share/texlive/texmf-dist/fonts/type1/public/amsfonts/cm/cmti12.pfb></usr/share/texlive/texmf-dist/fonts/type1/public/amsfonts/cm/cmtt12.pfb></usr/share/texmf/fonts/type1/public/cm-super/sfrm1200.pfb>
Output written on aux/implementacion.pdf (26 pages, 849424 bytes).
PDF statistics:
 332 PDF objects out of 1000 (max. 8388607)
 229 compressed objects within 3 object streams
 63 named destinations out of 1000 (max. 500000)
 174 words of extra memory for PDF output out of 10000 (max. 10000000)

